0 info it worked if it ends with ok
1 verbose cli [ 'C:\\Program Files\\nodejs\\node.exe',
1 verbose cli   'C:\\Program Files\\nodejs\\node_modules\\npm\\bin\\npm-cli.js',
1 verbose cli   'install',
1 verbose cli   '-g',
1 verbose cli   'firebase-toolsfirebase',
1 verbose cli   'login' ]
2 info using npm@3.10.10
3 info using node@v6.11.0
4 silly loadCurrentTree Starting
5 silly install loadCurrentTree
6 silly install readGlobalPackageData
7 silly fetchPackageMetaData firebase-toolsfirebase
8 silly fetchPackageMetaData login
9 silly fetchNamedPackageData firebase-toolsfirebase
10 silly mapToRegistry name firebase-toolsfirebase
11 silly mapToRegistry using default registry
12 silly mapToRegistry registry https://registry.npmjs.org/
13 silly mapToRegistry data Result {
13 silly mapToRegistry   raw: 'firebase-toolsfirebase',
13 silly mapToRegistry   scope: null,
13 silly mapToRegistry   escapedName: 'firebase-toolsfirebase',
13 silly mapToRegistry   name: 'firebase-toolsfirebase',
13 silly mapToRegistry   rawSpec: '',
13 silly mapToRegistry   spec: 'latest',
13 silly mapToRegistry   type: 'tag' }
14 silly mapToRegistry uri https://registry.npmjs.org/firebase-toolsfirebase
15 silly fetchNamedPackageData login
16 silly mapToRegistry name login
17 silly mapToRegistry using default registry
18 silly mapToRegistry registry https://registry.npmjs.org/
19 silly mapToRegistry data Result {
19 silly mapToRegistry   raw: 'login',
19 silly mapToRegistry   scope: null,
19 silly mapToRegistry   escapedName: 'login',
19 silly mapToRegistry   name: 'login',
19 silly mapToRegistry   rawSpec: '',
19 silly mapToRegistry   spec: 'latest',
19 silly mapToRegistry   type: 'tag' }
20 silly mapToRegistry uri https://registry.npmjs.org/login
21 verbose request uri https://registry.npmjs.org/firebase-toolsfirebase
22 verbose request no auth needed
23 info attempt registry request try #1 at 1:49:30 AM
24 verbose request id ea5a72222b6902f1
25 http request GET https://registry.npmjs.org/firebase-toolsfirebase
26 verbose request uri https://registry.npmjs.org/login
27 verbose request no auth needed
28 info attempt registry request try #1 at 1:49:30 AM
29 http request GET https://registry.npmjs.org/login
30 http 200 https://registry.npmjs.org/login
31 verbose headers { server: 'nginx/1.10.3',
31 verbose headers   'content-type': 'application/json',
31 verbose headers   'last-modified': 'Tue, 20 Dec 2011 22:16:00 GMT',
31 verbose headers   etag: 'W/"4ef10920-60a6"',
31 verbose headers   'content-encoding': 'gzip',
31 verbose headers   'cache-control': 'max-age=300',
31 verbose headers   'content-length': '2304',
31 verbose headers   'accept-ranges': 'bytes',
31 verbose headers   date: 'Mon, 10 Jul 2017 20:19:31 GMT',
31 verbose headers   via: '1.1 varnish',
31 verbose headers   age: '0',
31 verbose headers   connection: 'keep-alive',
31 verbose headers   'x-served-by': 'cache-sin18021-SIN',
31 verbose headers   'x-cache': 'MISS',
31 verbose headers   'x-cache-hits': '0',
31 verbose headers   'x-timer': 'S1499717971.617466,VS0,VE622',
31 verbose headers   vary: 'Accept-Encoding, Accept' }
32 silly get cb [ 200,
32 silly get   { server: 'nginx/1.10.3',
32 silly get     'content-type': 'application/json',
32 silly get     'last-modified': 'Tue, 20 Dec 2011 22:16:00 GMT',
32 silly get     etag: 'W/"4ef10920-60a6"',
32 silly get     'content-encoding': 'gzip',
32 silly get     'cache-control': 'max-age=300',
32 silly get     'content-length': '2304',
32 silly get     'accept-ranges': 'bytes',
32 silly get     date: 'Mon, 10 Jul 2017 20:19:31 GMT',
32 silly get     via: '1.1 varnish',
32 silly get     age: '0',
32 silly get     connection: 'keep-alive',
32 silly get     'x-served-by': 'cache-sin18021-SIN',
32 silly get     'x-cache': 'MISS',
32 silly get     'x-cache-hits': '0',
32 silly get     'x-timer': 'S1499717971.617466,VS0,VE622',
32 silly get     vary: 'Accept-Encoding, Accept' } ]
33 verbose get saving login to C:\Users\Ram\AppData\Roaming\npm-cache\registry.npmjs.org\login\.cache.json
34 verbose correctMkdir C:\Users\Ram\AppData\Roaming\npm-cache correctMkdir not in flight; initializing
35 http 404 https://registry.npmjs.org/firebase-toolsfirebase
36 verbose headers { 'content-type': 'application/json',
36 verbose headers   'cache-control': 'max-age=0',
36 verbose headers   'content-length': '2',
36 verbose headers   'accept-ranges': 'bytes',
36 verbose headers   date: 'Mon, 10 Jul 2017 20:19:32 GMT',
36 verbose headers   via: '1.1 varnish',
36 verbose headers   age: '0',
36 verbose headers   connection: 'keep-alive',
36 verbose headers   'x-served-by': 'cache-sin18029-SIN',
36 verbose headers   'x-cache': 'MISS',
36 verbose headers   'x-cache-hits': '0',
36 verbose headers   'x-timer': 'S1499717971.657491,VS0,VE1598',
36 verbose headers   vary: 'Accept-Encoding' }
37 silly get cb [ 404,
37 silly get   { 'content-type': 'application/json',
37 silly get     'cache-control': 'max-age=0',
37 silly get     'content-length': '2',
37 silly get     'accept-ranges': 'bytes',
37 silly get     date: 'Mon, 10 Jul 2017 20:19:32 GMT',
37 silly get     via: '1.1 varnish',
37 silly get     age: '0',
37 silly get     connection: 'keep-alive',
37 silly get     'x-served-by': 'cache-sin18029-SIN',
37 silly get     'x-cache': 'MISS',
37 silly get     'x-cache-hits': '0',
37 silly get     'x-timer': 'S1499717971.657491,VS0,VE1598',
37 silly get     vary: 'Accept-Encoding' } ]
38 silly fetchPackageMetaData Error: Registry returned 404 for GET on https://registry.npmjs.org/firebase-toolsfirebase
38 silly fetchPackageMetaData     at makeError (C:\Program Files\nodejs\node_modules\npm\node_modules\npm-registry-client\lib\request.js:302:12)
38 silly fetchPackageMetaData     at CachingRegistryClient.<anonymous> (C:\Program Files\nodejs\node_modules\npm\node_modules\npm-registry-client\lib\request.js:280:14)
38 silly fetchPackageMetaData     at Request._callback (C:\Program Files\nodejs\node_modules\npm\node_modules\npm-registry-client\lib\request.js:210:14)
38 silly fetchPackageMetaData     at Request.self.callback (C:\Program Files\nodejs\node_modules\npm\node_modules\request\request.js:187:22)
38 silly fetchPackageMetaData     at emitTwo (events.js:106:13)
38 silly fetchPackageMetaData     at Request.emit (events.js:191:7)
38 silly fetchPackageMetaData     at Request.<anonymous> (C:\Program Files\nodejs\node_modules\npm\node_modules\request\request.js:1048:10)
38 silly fetchPackageMetaData     at emitOne (events.js:96:13)
38 silly fetchPackageMetaData     at Request.emit (events.js:188:7)
38 silly fetchPackageMetaData     at IncomingMessage.<anonymous> (C:\Program Files\nodejs\node_modules\npm\node_modules\request\request.js:969:12)
38 silly fetchPackageMetaData  error for firebase-toolsfirebase { Error: Registry returned 404 for GET on https://registry.npmjs.org/firebase-toolsfirebase
38 silly fetchPackageMetaData     at makeError (C:\Program Files\nodejs\node_modules\npm\node_modules\npm-registry-client\lib\request.js:302:12)
38 silly fetchPackageMetaData     at CachingRegistryClient.<anonymous> (C:\Program Files\nodejs\node_modules\npm\node_modules\npm-registry-client\lib\request.js:280:14)
38 silly fetchPackageMetaData     at Request._callback (C:\Program Files\nodejs\node_modules\npm\node_modules\npm-registry-client\lib\request.js:210:14)
38 silly fetchPackageMetaData     at Request.self.callback (C:\Program Files\nodejs\node_modules\npm\node_modules\request\request.js:187:22)
38 silly fetchPackageMetaData     at emitTwo (events.js:106:13)
38 silly fetchPackageMetaData     at Request.emit (events.js:191:7)
38 silly fetchPackageMetaData     at Request.<anonymous> (C:\Program Files\nodejs\node_modules\npm\node_modules\request\request.js:1048:10)
38 silly fetchPackageMetaData     at emitOne (events.js:96:13)
38 silly fetchPackageMetaData     at Request.emit (events.js:188:7)
38 silly fetchPackageMetaData     at IncomingMessage.<anonymous> (C:\Program Files\nodejs\node_modules\npm\node_modules\request\request.js:969:12)
38 silly fetchPackageMetaData   pkgid: 'firebase-toolsfirebase',
38 silly fetchPackageMetaData   statusCode: 404,
38 silly fetchPackageMetaData   code: 'E404' }
39 silly rollbackFailedOptional Starting
40 silly rollbackFailedOptional Finishing
41 silly runTopLevelLifecycles Finishing
42 silly install printInstalled
43 verbose stack Error: Registry returned 404 for GET on https://registry.npmjs.org/firebase-toolsfirebase
43 verbose stack     at makeError (C:\Program Files\nodejs\node_modules\npm\node_modules\npm-registry-client\lib\request.js:302:12)
43 verbose stack     at CachingRegistryClient.<anonymous> (C:\Program Files\nodejs\node_modules\npm\node_modules\npm-registry-client\lib\request.js:280:14)
43 verbose stack     at Request._callback (C:\Program Files\nodejs\node_modules\npm\node_modules\npm-registry-client\lib\request.js:210:14)
43 verbose stack     at Request.self.callback (C:\Program Files\nodejs\node_modules\npm\node_modules\request\request.js:187:22)
43 verbose stack     at emitTwo (events.js:106:13)
43 verbose stack     at Request.emit (events.js:191:7)
43 verbose stack     at Request.<anonymous> (C:\Program Files\nodejs\node_modules\npm\node_modules\request\request.js:1048:10)
43 verbose stack     at emitOne (events.js:96:13)
43 verbose stack     at Request.emit (events.js:188:7)
43 verbose stack     at IncomingMessage.<anonymous> (C:\Program Files\nodejs\node_modules\npm\node_modules\request\request.js:969:12)
44 verbose statusCode 404
45 verbose pkgid firebase-toolsfirebase
46 verbose cwd C:\Users\Ram\Downloads\flatty\theme\pwaSample
47 error Windows_NT 10.0.14393
48 error argv "C:\\Program Files\\nodejs\\node.exe" "C:\\Program Files\\nodejs\\node_modules\\npm\\bin\\npm-cli.js" "install" "-g" "firebase-toolsfirebase" "login"
49 error node v6.11.0
50 error npm  v3.10.10
51 error code E404
52 error 404 Registry returned 404 for GET on https://registry.npmjs.org/firebase-toolsfirebase
53 error 404
54 error 404 'firebase-toolsfirebase' is not in the npm registry.
55 error 404 You should bug the author to publish it (or use the name yourself!)
56 error 404 Note that you can also install from a
57 error 404 tarball, folder, http url, or git url.
58 verbose exit [ 1, true ]
